ISim log file
Running: /home/ise/Projects/Projeto_AC/Test_Placa_Mae_isim_beh.exe -intstyle ise -gui -tclbatch isim.cmd -wdb /home/ise/Projects/Projeto_AC/Test_Placa_Mae_isim_beh.wdb 
ISim P.20131013 (signature 0xfbc00daa)
----------------------------------------------------------------------
INFO:Security:61 - The XILINXD_LICENSE_FILE environment variable is not set.
INFO:Security:63 - The LM_LICENSE_FILE environment variable is not set.
INFO:Security:68 - For more information or for assistance in obtaining 
 a license, please run the Xilinx License Configuration Manager
       (xlcm or "Manage Xilinx Licenses".)
INFO:Security:68a - user is ise, on host localhost.localdomain.
INFO:Security:15 - A feature for ISIM was found but is for the wrong hostid.
ERROR:Security:14 - No feature was available for 'ISIM'.

Invalid host.
 The hostid of this system does not match the hostid
 specified in the license file.
Feature:       ISIM
Hostid:        08002768c935
License path:  /home/ise/.Xilinx/Xilinx.lic:/opt/Xilinx/14.7/ISE_DS/ISE//data/*.lic:/opt/Xilinx/14.7/ISE_DS/ISE//coregen/core_licenses/Xilinx.lic:/opt/Xilinx/14.7/ISE_DS/ISE//coregen/core_licenses/XilinxFree.lic:/opt/Xilinx/14.7/ISE_DS/EDK/data/core_licenses/Xilinx.lic:
FLEXnet Licensing error:-9,57
For further information, refer to the FLEXnet Licensing documentation,
available at "www.flexerasoftware.com".
----------------------------------------------------------------------
WARNING: A full ISim License cannot be checked out due to the issues listed above. Please use Xilinx License Configuration Manager to fix these issues in order to check out a full ISim license.
WARNING: ISim will run in Lite mode. Please refer to the ISim documentation for more information on the differences between the Lite and the Full version.
This is a Lite version of ISim.
Time resolution is 1 ps
# onerror resume
# wave add /
# run 1000 ns
Simulator is doing circuit initialization process.
at 0 ps, Instance /test_placa_mae/uut/Memoria_de_Dados_PM/ : Warning: NUMERIC_STD.TO_INTEGER: metavalue detected, returning 0
Finished circuit initialization process.
at 0 ps, Instance /test_placa_mae/uut/Memoria_de_Dados_PM/ : Warning: NUMERIC_STD.TO_INTEGER: metavalue detected, returning 0
at 0 ps, Instance /test_placa_mae/uut/Memoria_de_Dados_PM/ : Warning: NUMERIC_STD.TO_INTEGER: metavalue detected, returning 0
at 5 ns(1), Instance /test_placa_mae/uut/Memoria_de_Dados_PM/ : Warning: NUMERIC_STD.TO_INTEGER: metavalue detected, returning 0
at 5 ns(5), Instance /test_placa_mae/uut/Memoria_de_Dados_PM/ : Warning: NUMERIC_STD.TO_INTEGER: metavalue detected, returning 0
at 10 ns(1), Instance /test_placa_mae/uut/Memoria_de_Dados_PM/ : Warning: NUMERIC_STD.TO_INTEGER: metavalue detected, returning 0
at 15 ns(1), Instance /test_placa_mae/uut/Memoria_de_Dados_PM/ : Warning: NUMERIC_STD.TO_INTEGER: metavalue detected, returning 0
at 20 ns(1), Instance /test_placa_mae/uut/Memoria_de_Dados_PM/ : Warning: NUMERIC_STD.TO_INTEGER: metavalue detected, returning 0
at 20 ns(3), Instance /test_placa_mae/uut/Memoria_de_Dados_PM/ : Warning: NUMERIC_STD.TO_INTEGER: metavalue detected, returning 0
at 25 ns(1), Instance /test_placa_mae/uut/Memoria_de_Dados_PM/ : Warning: NUMERIC_STD.TO_INTEGER: metavalue detected, returning 0
at 95 ns(4), Instance /test_placa_mae/uut/Memoria_de_Dados_PM/ : Warning: NUMERIC_STD.TO_INTEGER: metavalue detected, returning 0
at 95 ns(5), Instance /test_placa_mae/uut/Memoria_de_Dados_PM/ : Warning: NUMERIC_STD.TO_INTEGER: metavalue detected, returning 0
at 100 ns(1), Instance /test_placa_mae/uut/Memoria_de_Dados_PM/ : Warning: NUMERIC_STD.TO_INTEGER: metavalue detected, returning 0
at 105 ns(1), Instance /test_placa_mae/uut/Memoria_de_Dados_PM/ : Warning: NUMERIC_STD.TO_INTEGER: metavalue detected, returning 0
at 125 ns(4), Instance /test_placa_mae/uut/Memoria_de_Dados_PM/ : Warning: NUMERIC_STD.TO_INTEGER: metavalue detected, returning 0
at 125 ns(5), Instance /test_placa_mae/uut/Memoria_de_Dados_PM/ : Warning: NUMERIC_STD.TO_INTEGER: metavalue detected, returning 0
at 130 ns(1), Instance /test_placa_mae/uut/Memoria_de_Dados_PM/ : Warning: NUMERIC_STD.TO_INTEGER: metavalue detected, returning 0
at 135 ns(1), Instance /test_placa_mae/uut/Memoria_de_Dados_PM/ : Warning: NUMERIC_STD.TO_INTEGER: metavalue detected, returning 0
at 145 ns(4), Instance /test_placa_mae/uut/Memoria_de_Dados_PM/ : Warning: NUMERIC_STD.TO_INTEGER: metavalue detected, returning 0
at 145 ns(5), Instance /test_placa_mae/uut/Memoria_de_Dados_PM/ : Warning: NUMERIC_STD.TO_INTEGER: metavalue detected, returning 0
at 150 ns(1), Instance /test_placa_mae/uut/Memoria_de_Dados_PM/ : Warning: NUMERIC_STD.TO_INTEGER: metavalue detected, returning 0
at 155 ns(1), Instance /test_placa_mae/uut/Memoria_de_Dados_PM/ : Warning: NUMERIC_STD.TO_INTEGER: metavalue detected, returning 0
at 465 ns(4), Instance /test_placa_mae/uut/Memoria_de_Dados_PM/ : Warning: NUMERIC_STD.TO_INTEGER: metavalue detected, returning 0
at 465 ns(5), Instance /test_placa_mae/uut/Memoria_de_Dados_PM/ : Warning: NUMERIC_STD.TO_INTEGER: metavalue detected, returning 0
at 470 ns(1), Instance /test_placa_mae/uut/Memoria_de_Dados_PM/ : Warning: NUMERIC_STD.TO_INTEGER: metavalue detected, returning 0
at 475 ns(1), Instance /test_placa_mae/uut/Memoria_de_Dados_PM/ : Warning: NUMERIC_STD.TO_INTEGER: metavalue detected, returning 0
at 480 ns(1), Instance /test_placa_mae/uut/Memoria_de_Dados_PM/ : Warning: NUMERIC_STD.TO_INTEGER: metavalue detected, returning 0
at 480 ns(3), Instance /test_placa_mae/uut/Memoria_de_Dados_PM/ : Warning: NUMERIC_STD.TO_INTEGER: metavalue detected, returning 0
at 485 ns(1), Instance /test_placa_mae/uut/Memoria_de_Dados_PM/ : Warning: NUMERIC_STD.TO_INTEGER: metavalue detected, returning 0
at 555 ns(4), Instance /test_placa_mae/uut/Memoria_de_Dados_PM/ : Warning: NUMERIC_STD.TO_INTEGER: metavalue detected, returning 0
at 555 ns(5), Instance /test_placa_mae/uut/Memoria_de_Dados_PM/ : Warning: NUMERIC_STD.TO_INTEGER: metavalue detected, returning 0
at 560 ns(1), Instance /test_placa_mae/uut/Memoria_de_Dados_PM/ : Warning: NUMERIC_STD.TO_INTEGER: metavalue detected, returning 0
at 565 ns(1), Instance /test_placa_mae/uut/Memoria_de_Dados_PM/ : Warning: NUMERIC_STD.TO_INTEGER: metavalue detected, returning 0
at 585 ns(4), Instance /test_placa_mae/uut/Memoria_de_Dados_PM/ : Warning: NUMERIC_STD.TO_INTEGER: metavalue detected, returning 0
at 585 ns(5), Instance /test_placa_mae/uut/Memoria_de_Dados_PM/ : Warning: NUMERIC_STD.TO_INTEGER: metavalue detected, returning 0
at 590 ns(1), Instance /test_placa_mae/uut/Memoria_de_Dados_PM/ : Warning: NUMERIC_STD.TO_INTEGER: metavalue detected, returning 0
at 595 ns(1), Instance /test_placa_mae/uut/Memoria_de_Dados_PM/ : Warning: NUMERIC_STD.TO_INTEGER: metavalue detected, returning 0
at 605 ns(4), Instance /test_placa_mae/uut/Memoria_de_Dados_PM/ : Warning: NUMERIC_STD.TO_INTEGER: metavalue detected, returning 0
at 605 ns(5), Instance /test_placa_mae/uut/Memoria_de_Dados_PM/ : Warning: NUMERIC_STD.TO_INTEGER: metavalue detected, returning 0
at 610 ns(1), Instance /test_placa_mae/uut/Memoria_de_Dados_PM/ : Warning: NUMERIC_STD.TO_INTEGER: metavalue detected, returning 0
at 615 ns(1), Instance /test_placa_mae/uut/Memoria_de_Dados_PM/ : Warning: NUMERIC_STD.TO_INTEGER: metavalue detected, returning 0
at 925 ns(4), Instance /test_placa_mae/uut/Memoria_de_Dados_PM/ : Warning: NUMERIC_STD.TO_INTEGER: metavalue detected, returning 0
at 925 ns(5), Instance /test_placa_mae/uut/Memoria_de_Dados_PM/ : Warning: NUMERIC_STD.TO_INTEGER: metavalue detected, returning 0
at 930 ns(1), Instance /test_placa_mae/uut/Memoria_de_Dados_PM/ : Warning: NUMERIC_STD.TO_INTEGER: metavalue detected, returning 0
at 935 ns(1), Instance /test_placa_mae/uut/Memoria_de_Dados_PM/ : Warning: NUMERIC_STD.TO_INTEGER: metavalue detected, returning 0
at 940 ns(1), Instance /test_placa_mae/uut/Memoria_de_Dados_PM/ : Warning: NUMERIC_STD.TO_INTEGER: metavalue detected, returning 0
at 940 ns(3), Instance /test_placa_mae/uut/Memoria_de_Dados_PM/ : Warning: NUMERIC_STD.TO_INTEGER: metavalue detected, returning 0
at 945 ns(1), Instance /test_placa_mae/uut/Memoria_de_Dados_PM/ : Warning: NUMERIC_STD.TO_INTEGER: metavalue detected, returning 0
# run all
at 1015 ns(4), Instance /test_placa_mae/uut/Memoria_de_Dados_PM/ : Warning: NUMERIC_STD.TO_INTEGER: metavalue detected, returning 0
at 1015 ns(5), Instance /test_placa_mae/uut/Memoria_de_Dados_PM/ : Warning: NUMERIC_STD.TO_INTEGER: metavalue detected, returning 0
at 1020 ns(1), Instance /test_placa_mae/uut/Memoria_de_Dados_PM/ : Warning: NUMERIC_STD.TO_INTEGER: metavalue detected, returning 0
at 1025 ns(1), Instance /test_placa_mae/uut/Memoria_de_Dados_PM/ : Warning: NUMERIC_STD.TO_INTEGER: metavalue detected, returning 0
at 1045 ns(4), Instance /test_placa_mae/uut/Memoria_de_Dados_PM/ : Warning: NUMERIC_STD.TO_INTEGER: metavalue detected, returning 0
at 1045 ns(5), Instance /test_placa_mae/uut/Memoria_de_Dados_PM/ : Warning: NUMERIC_STD.TO_INTEGER: metavalue detected, returning 0
at 1050 ns(1), Instance /test_placa_mae/uut/Memoria_de_Dados_PM/ : Warning: NUMERIC_STD.TO_INTEGER: metavalue detected, returning 0
at 1055 ns(1), Instance /test_placa_mae/uut/Memoria_de_Dados_PM/ : Warning: NUMERIC_STD.TO_INTEGER: metavalue detected, returning 0
at 1065 ns(4), Instance /test_placa_mae/uut/Memoria_de_Dados_PM/ : Warning: NUMERIC_STD.TO_INTEGER: metavalue detected, returning 0
at 1065 ns(5), Instance /test_placa_mae/uut/Memoria_de_Dados_PM/ : Warning: NUMERIC_STD.TO_INTEGER: metavalue detected, returning 0
at 1070 ns(1), Instance /test_placa_mae/uut/Memoria_de_Dados_PM/ : Warning: NUMERIC_STD.TO_INTEGER: metavalue detected, returning 0
at 1075 ns(1), Instance /test_placa_mae/uut/Memoria_de_Dados_PM/ : Warning: NUMERIC_STD.TO_INTEGER: metavalue detected, returning 0
at 1385 ns(4), Instance /test_placa_mae/uut/Memoria_de_Dados_PM/ : Warning: NUMERIC_STD.TO_INTEGER: metavalue detected, returning 0
at 1385 ns(5), Instance /test_placa_mae/uut/Memoria_de_Dados_PM/ : Warning: NUMERIC_STD.TO_INTEGER: metavalue detected, returning 0
at 1390 ns(1), Instance /test_placa_mae/uut/Memoria_de_Dados_PM/ : Warning: NUMERIC_STD.TO_INTEGER: metavalue detected, returning 0
at 1395 ns(1), Instance /test_placa_mae/uut/Memoria_de_Dados_PM/ : Warning: NUMERIC_STD.TO_INTEGER: metavalue detected, returning 0
at 1400 ns(1), Instance /test_placa_mae/uut/Memoria_de_Dados_PM/ : Warning: NUMERIC_STD.TO_INTEGER: metavalue detected, returning 0
at 1400 ns(3), Instance /test_placa_mae/uut/Memoria_de_Dados_PM/ : Warning: NUMERIC_STD.TO_INTEGER: metavalue detected, returning 0
at 1405 ns(1), Instance /test_placa_mae/uut/Memoria_de_Dados_PM/ : Warning: NUMERIC_STD.TO_INTEGER: metavalue detected, returning 0
at 1475 ns(4), Instance /test_placa_mae/uut/Memoria_de_Dados_PM/ : Warning: NUMERIC_STD.TO_INTEGER: metavalue detected, returning 0
at 1475 ns(5), Instance /test_placa_mae/uut/Memoria_de_Dados_PM/ : Warning: NUMERIC_STD.TO_INTEGER: metavalue detected, returning 0
at 1480 ns(1), Instance /test_placa_mae/uut/Memoria_de_Dados_PM/ : Warning: NUMERIC_STD.TO_INTEGER: metavalue detected, returning 0
at 1485 ns(1), Instance /test_placa_mae/uut/Memoria_de_Dados_PM/ : Warning: NUMERIC_STD.TO_INTEGER: metavalue detected, returning 0
at 1505 ns(4), Instance /test_placa_mae/uut/Memoria_de_Dados_PM/ : Warning: NUMERIC_STD.TO_INTEGER: metavalue detected, returning 0
at 1505 ns(5), Instance /test_placa_mae/uut/Memoria_de_Dados_PM/ : Warning: NUMERIC_STD.TO_INTEGER: metavalue detected, returning 0
at 1510 ns(1), Instance /test_placa_mae/uut/Memoria_de_Dados_PM/ : Warning: NUMERIC_STD.TO_INTEGER: metavalue detected, returning 0
at 1515 ns(1), Instance /test_placa_mae/uut/Memoria_de_Dados_PM/ : Warning: NUMERIC_STD.TO_INTEGER: metavalue detected, returning 0
at 1525 ns(4), Instance /test_placa_mae/uut/Memoria_de_Dados_PM/ : Warning: NUMERIC_STD.TO_INTEGER: metavalue detected, returning 0
at 1525 ns(5), Instance /test_placa_mae/uut/Memoria_de_Dados_PM/ : Warning: NUMERIC_STD.TO_INTEGER: metavalue detected, returning 0
at 1530 ns(1), Instance /test_placa_mae/uut/Memoria_de_Dados_PM/ : Warning: NUMERIC_STD.TO_INTEGER: metavalue detected, returning 0
at 1535 ns(1), Instance /test_placa_mae/uut/Memoria_de_Dados_PM/ : Warning: NUMERIC_STD.TO_INTEGER: metavalue detected, returning 0
at 1845 ns(4), Instance /test_placa_mae/uut/Memoria_de_Dados_PM/ : Warning: NUMERIC_STD.TO_INTEGER: metavalue detected, returning 0
at 1845 ns(5), Instance /test_placa_mae/uut/Memoria_de_Dados_PM/ : Warning: NUMERIC_STD.TO_INTEGER: metavalue detected, returning 0
at 1850 ns(1), Instance /test_placa_mae/uut/Memoria_de_Dados_PM/ : Warning: NUMERIC_STD.TO_INTEGER: metavalue detected, returning 0
at 1855 ns(1), Instance /test_placa_mae/uut/Memoria_de_Dados_PM/ : Warning: NUMERIC_STD.TO_INTEGER: metavalue detected, returning 0
at 1860 ns(1), Instance /test_placa_mae/uut/Memoria_de_Dados_PM/ : Warning: NUMERIC_STD.TO_INTEGER: metavalue detected, returning 0
at 1860 ns(3), Instance /test_placa_mae/uut/Memoria_de_Dados_PM/ : Warning: NUMERIC_STD.TO_INTEGER: metavalue detected, returning 0
at 1865 ns(1), Instance /test_placa_mae/uut/Memoria_de_Dados_PM/ : Warning: NUMERIC_STD.TO_INTEGER: metavalue detected, returning 0
at 1935 ns(4), Instance /test_placa_mae/uut/Memoria_de_Dados_PM/ : Warning: NUMERIC_STD.TO_INTEGER: metavalue detected, returning 0
at 1935 ns(5), Instance /test_placa_mae/uut/Memoria_de_Dados_PM/ : Warning: NUMERIC_STD.TO_INTEGER: metavalue detected, returning 0
at 1940 ns(1), Instance /test_placa_mae/uut/Memoria_de_Dados_PM/ : Warning: NUMERIC_STD.TO_INTEGER: metavalue detected, returning 0
at 1945 ns(1), Instance /test_placa_mae/uut/Memoria_de_Dados_PM/ : Warning: NUMERIC_STD.TO_INTEGER: metavalue detected, returning 0
at 1965 ns(4), Instance /test_placa_mae/uut/Memoria_de_Dados_PM/ : Warning: NUMERIC_STD.TO_INTEGER: metavalue detected, returning 0
at 1965 ns(5), Instance /test_placa_mae/uut/Memoria_de_Dados_PM/ : Warning: NUMERIC_STD.TO_INTEGER: metavalue detected, returning 0
at 1970 ns(1), Instance /test_placa_mae/uut/Memoria_de_Dados_PM/ : Warning: NUMERIC_STD.TO_INTEGER: metavalue detected, returning 0
at 1975 ns(1), Instance /test_placa_mae/uut/Memoria_de_Dados_PM/ : Warning: NUMERIC_STD.TO_INTEGER: metavalue detected, returning 0
at 1985 ns(4), Instance /test_placa_mae/uut/Memoria_de_Dados_PM/ : Warning: NUMERIC_STD.TO_INTEGER: metavalue detected, returning 0
at 1985 ns(5), Instance /test_placa_mae/uut/Memoria_de_Dados_PM/ : Warning: NUMERIC_STD.TO_INTEGER: metavalue detected, returning 0
at 1990 ns(1), Instance /test_placa_mae/uut/Memoria_de_Dados_PM/ : Warning: NUMERIC_STD.TO_INTEGER: metavalue detected, returning 0
at 1995 ns(1), Instance /test_placa_mae/uut/Memoria_de_Dados_PM/ : Warning: NUMERIC_STD.TO_INTEGER: metavalue detected, returning 0
at 2305 ns(4), Instance /test_placa_mae/uut/Memoria_de_Dados_PM/ : Warning: NUMERIC_STD.TO_INTEGER: metavalue detected, returning 0
at 2305 ns(5), Instance /test_placa_mae/uut/Memoria_de_Dados_PM/ : Warning: NUMERIC_STD.TO_INTEGER: metavalue detected, returning 0
at 2310 ns(1), Instance /test_placa_mae/uut/Memoria_de_Dados_PM/ : Warning: NUMERIC_STD.TO_INTEGER: metavalue detected, returning 0
at 2315 ns(1), Instance /test_placa_mae/uut/Memoria_de_Dados_PM/ : Warning: NUMERIC_STD.TO_INTEGER: metavalue detected, returning 0
at 2320 ns(1), Instance /test_placa_mae/uut/Memoria_de_Dados_PM/ : Warning: NUMERIC_STD.TO_INTEGER: metavalue detected, returning 0
at 2320 ns(3), Instance /test_placa_mae/uut/Memoria_de_Dados_PM/ : Warning: NUMERIC_STD.TO_INTEGER: metavalue detected, returning 0
at 2325 ns(1), Instance /test_placa_mae/uut/Memoria_de_Dados_PM/ : Warning: NUMERIC_STD.TO_INTEGER: metavalue detected, returning 0
at 2395 ns(4), Instance /test_placa_mae/uut/Memoria_de_Dados_PM/ : Warning: NUMERIC_STD.TO_INTEGER: metavalue detected, returning 0
at 2395 ns(5), Instance /test_placa_mae/uut/Memoria_de_Dados_PM/ : Warning: NUMERIC_STD.TO_INTEGER: metavalue detected, returning 0
at 2400 ns(1), Instance /test_placa_mae/uut/Memoria_de_Dados_PM/ : Warning: NUMERIC_STD.TO_INTEGER: metavalue detected, returning 0
at 2405 ns(1), Instance /test_placa_mae/uut/Memoria_de_Dados_PM/ : Warning: NUMERIC_STD.TO_INTEGER: metavalue detected, returning 0
at 2425 ns(4), Instance /test_placa_mae/uut/Memoria_de_Dados_PM/ : Warning: NUMERIC_STD.TO_INTEGER: metavalue detected, returning 0
at 2425 ns(5), Instance /test_placa_mae/uut/Memoria_de_Dados_PM/ : Warning: NUMERIC_STD.TO_INTEGER: metavalue detected, returning 0
at 2430 ns(1), Instance /test_placa_mae/uut/Memoria_de_Dados_PM/ : Warning: NUMERIC_STD.TO_INTEGER: metavalue detected, returning 0
at 2435 ns(1), Instance /test_placa_mae/uut/Memoria_de_Dados_PM/ : Warning: NUMERIC_STD.TO_INTEGER: metavalue detected, returning 0
at 2445 ns(4), Instance /test_placa_mae/uut/Memoria_de_Dados_PM/ : Warning: NUMERIC_STD.TO_INTEGER: metavalue detected, returning 0
at 2445 ns(5), Instance /test_placa_mae/uut/Memoria_de_Dados_PM/ : Warning: NUMERIC_STD.TO_INTEGER: metavalue detected, returning 0
at 2450 ns(1), Instance /test_placa_mae/uut/Memoria_de_Dados_PM/ : Warning: NUMERIC_STD.TO_INTEGER: metavalue detected, returning 0
at 2455 ns(1), Instance /test_placa_mae/uut/Memoria_de_Dados_PM/ : Warning: NUMERIC_STD.TO_INTEGER: metavalue detected, returning 0
at 2765 ns(4), Instance /test_placa_mae/uut/Memoria_de_Dados_PM/ : Warning: NUMERIC_STD.TO_INTEGER: metavalue detected, returning 0
at 2765 ns(5), Instance /test_placa_mae/uut/Memoria_de_Dados_PM/ : Warning: NUMERIC_STD.TO_INTEGER: metavalue detected, returning 0
at 2770 ns(1), Instance /test_placa_mae/uut/Memoria_de_Dados_PM/ : Warning: NUMERIC_STD.TO_INTEGER: metavalue detected, returning 0
at 2775 ns(1), Instance /test_placa_mae/uut/Memoria_de_Dados_PM/ : Warning: NUMERIC_STD.TO_INTEGER: metavalue detected, returning 0
at 2780 ns(1), Instance /test_placa_mae/uut/Memoria_de_Dados_PM/ : Warning: NUMERIC_STD.TO_INTEGER: metavalue detected, returning 0
at 2780 ns(3), Instance /test_placa_mae/uut/Memoria_de_Dados_PM/ : Warning: NUMERIC_STD.TO_INTEGER: metavalue detected, returning 0
at 2785 ns(1), Instance /test_placa_mae/uut/Memoria_de_Dados_PM/ : Warning: NUMERIC_STD.TO_INTEGER: metavalue detected, returning 0
at 2855 ns(4), Instance /test_placa_mae/uut/Memoria_de_Dados_PM/ : Warning: NUMERIC_STD.TO_INTEGER: metavalue detected, returning 0
at 2855 ns(5), Instance /test_placa_mae/uut/Memoria_de_Dados_PM/ : Warning: NUMERIC_STD.TO_INTEGER: metavalue detected, returning 0
at 2860 ns(1), Instance /test_placa_mae/uut/Memoria_de_Dados_PM/ : Warning: NUMERIC_STD.TO_INTEGER: metavalue detected, returning 0
at 2865 ns(1), Instance /test_placa_mae/uut/Memoria_de_Dados_PM/ : Warning: NUMERIC_STD.TO_INTEGER: metavalue detected, returning 0
at 2885 ns(4), Instance /test_placa_mae/uut/Memoria_de_Dados_PM/ : Warning: NUMERIC_STD.TO_INTEGER: metavalue detected, returning 0
at 2885 ns(5), Instance /test_placa_mae/uut/Memoria_de_Dados_PM/ : Warning: NUMERIC_STD.TO_INTEGER: metavalue detected, returning 0
at 2890 ns(1), Instance /test_placa_mae/uut/Memoria_de_Dados_PM/ : Warning: NUMERIC_STD.TO_INTEGER: metavalue detected, returning 0
at 2895 ns(1), Instance /test_placa_mae/uut/Memoria_de_Dados_PM/ : Warning: NUMERIC_STD.TO_INTEGER: metavalue detected, returning 0
at 2905 ns(4), Instance /test_placa_mae/uut/Memoria_de_Dados_PM/ : Warning: NUMERIC_STD.TO_INTEGER: metavalue detected, returning 0
at 2905 ns(5), Instance /test_placa_mae/uut/Memoria_de_Dados_PM/ : Warning: NUMERIC_STD.TO_INTEGER: metavalue detected, returning 0
at 2910 ns(1), Instance /test_placa_mae/uut/Memoria_de_Dados_PM/ : Warning: NUMERIC_STD.TO_INTEGER: metavalue detected, returning 0
at 2915 ns(1), Instance /test_placa_mae/uut/Memoria_de_Dados_PM/ : Warning: NUMERIC_STD.TO_INTEGER: metavalue detected, returning 0
at 3225 ns(4), Instance /test_placa_mae/uut/Memoria_de_Dados_PM/ : Warning: NUMERIC_STD.TO_INTEGER: metavalue detected, returning 0
at 3225 ns(5), Instance /test_placa_mae/uut/Memoria_de_Dados_PM/ : Warning: NUMERIC_STD.TO_INTEGER: metavalue detected, returning 0
at 3230 ns(1), Instance /test_placa_mae/uut/Memoria_de_Dados_PM/ : Warning: NUMERIC_STD.TO_INTEGER: metavalue detected, returning 0
at 3235 ns(1), Instance /test_placa_mae/uut/Memoria_de_Dados_PM/ : Warning: NUMERIC_STD.TO_INTEGER: metavalue detected, returning 0
at 3240 ns(1), Instance /test_placa_mae/uut/Memoria_de_Dados_PM/ : Warning: NUMERIC_STD.TO_INTEGER: metavalue detected, returning 0
at 3240 ns(3), Instance /test_placa_mae/uut/Memoria_de_Dados_PM/ : Warning: NUMERIC_STD.TO_INTEGER: metavalue detected, returning 0
at 3245 ns(1), Instance /test_placa_mae/uut/Memoria_de_Dados_PM/ : Warning: NUMERIC_STD.TO_INTEGER: metavalue detected, returning 0
at 3315 ns(4), Instance /test_placa_mae/uut/Memoria_de_Dados_PM/ : Warning: NUMERIC_STD.TO_INTEGER: metavalue detected, returning 0
at 3315 ns(5), Instance /test_placa_mae/uut/Memoria_de_Dados_PM/ : Warning: NUMERIC_STD.TO_INTEGER: metavalue detected, returning 0
at 3320 ns(1), Instance /test_placa_mae/uut/Memoria_de_Dados_PM/ : Warning: NUMERIC_STD.TO_INTEGER: metavalue detected, returning 0
at 3325 ns(1), Instance /test_placa_mae/uut/Memoria_de_Dados_PM/ : Warning: NUMERIC_STD.TO_INTEGER: metavalue detected, returning 0
at 3345 ns(4), Instance /test_placa_mae/uut/Memoria_de_Dados_PM/ : Warning: NUMERIC_STD.TO_INTEGER: metavalue detected, returning 0
at 3345 ns(5), Instance /test_placa_mae/uut/Memoria_de_Dados_PM/ : Warning: NUMERIC_STD.TO_INTEGER: metavalue detected, returning 0
at 3350 ns(1), Instance /test_placa_mae/uut/Memoria_de_Dados_PM/ : Warning: NUMERIC_STD.TO_INTEGER: metavalue detected, returning 0
at 3355 ns(1), Instance /test_placa_mae/uut/Memoria_de_Dados_PM/ : Warning: NUMERIC_STD.TO_INTEGER: metavalue detected, returning 0
at 3365 ns(4), Instance /test_placa_mae/uut/Memoria_de_Dados_PM/ : Warning: NUMERIC_STD.TO_INTEGER: metavalue detected, returning 0
at 3365 ns(5), Instance /test_placa_mae/uut/Memoria_de_Dados_PM/ : Warning: NUMERIC_STD.TO_INTEGER: metavalue detected, returning 0
at 3370 ns(1), Instance /test_placa_mae/uut/Memoria_de_Dados_PM/ : Warning: NUMERIC_STD.TO_INTEGER: metavalue detected, returning 0
at 3375 ns(1), Instance /test_placa_mae/uut/Memoria_de_Dados_PM/ : Warning: NUMERIC_STD.TO_INTEGER: metavalue detected, returning 0
at 3685 ns(4), Instance /test_placa_mae/uut/Memoria_de_Dados_PM/ : Warning: NUMERIC_STD.TO_INTEGER: metavalue detected, returning 0
at 3685 ns(5), Instance /test_placa_mae/uut/Memoria_de_Dados_PM/ : Warning: NUMERIC_STD.TO_INTEGER: metavalue detected, returning 0
at 3690 ns(1), Instance /test_placa_mae/uut/Memoria_de_Dados_PM/ : Warning: NUMERIC_STD.TO_INTEGER: metavalue detected, returning 0
at 3695 ns(1), Instance /test_placa_mae/uut/Memoria_de_Dados_PM/ : Warning: NUMERIC_STD.TO_INTEGER: metavalue detected, returning 0
at 3700 ns(1), Instance /test_placa_mae/uut/Memoria_de_Dados_PM/ : Warning: NUMERIC_STD.TO_INTEGER: metavalue detected, returning 0
at 3700 ns(3), Instance /test_placa_mae/uut/Memoria_de_Dados_PM/ : Warning: NUMERIC_STD.TO_INTEGER: metavalue detected, returning 0
at 3705 ns(1), Instance /test_placa_mae/uut/Memoria_de_Dados_PM/ : Warning: NUMERIC_STD.TO_INTEGER: metavalue detected, returning 0
at 3775 ns(4), Instance /test_placa_mae/uut/Memoria_de_Dados_PM/ : Warning: NUMERIC_STD.TO_INTEGER: metavalue detected, returning 0
at 3775 ns(5), Instance /test_placa_mae/uut/Memoria_de_Dados_PM/ : Warning: NUMERIC_STD.TO_INTEGER: metavalue detected, returning 0
at 3780 ns(1), Instance /test_placa_mae/uut/Memoria_de_Dados_PM/ : Warning: NUMERIC_STD.TO_INTEGER: metavalue detected, returning 0
at 3785 ns(1), Instance /test_placa_mae/uut/Memoria_de_Dados_PM/ : Warning: NUMERIC_STD.TO_INTEGER: metavalue detected, returning 0
at 3805 ns(4), Instance /test_placa_mae/uut/Memoria_de_Dados_PM/ : Warning: NUMERIC_STD.TO_INTEGER: metavalue detected, returning 0
at 3805 ns(5), Instance /test_placa_mae/uut/Memoria_de_Dados_PM/ : Warning: NUMERIC_STD.TO_INTEGER: metavalue detected, returning 0
at 3810 ns(1), Instance /test_placa_mae/uut/Memoria_de_Dados_PM/ : Warning: NUMERIC_STD.TO_INTEGER: metavalue detected, returning 0
at 3815 ns(1), Instance /test_placa_mae/uut/Memoria_de_Dados_PM/ : Warning: NUMERIC_STD.TO_INTEGER: metavalue detected, returning 0
at 3825 ns(4), Instance /test_placa_mae/uut/Memoria_de_Dados_PM/ : Warning: NUMERIC_STD.TO_INTEGER: metavalue detected, returning 0
at 3825 ns(5), Instance /test_placa_mae/uut/Memoria_de_Dados_PM/ : Warning: NUMERIC_STD.TO_INTEGER: metavalue detected, returning 0
at 3830 ns(1), Instance /test_placa_mae/uut/Memoria_de_Dados_PM/ : Warning: NUMERIC_STD.TO_INTEGER: metavalue detected, returning 0
at 3835 ns(1), Instance /test_placa_mae/uut/Memoria_de_Dados_PM/ : Warning: NUMERIC_STD.TO_INTEGER: metavalue detected, returning 0
at 4145 ns(4), Instance /test_placa_mae/uut/Memoria_de_Dados_PM/ : Warning: NUMERIC_STD.TO_INTEGER: metavalue detected, returning 0
at 4145 ns(5), Instance /test_placa_mae/uut/Memoria_de_Dados_PM/ : Warning: NUMERIC_STD.TO_INTEGER: metavalue detected, returning 0
at 4150 ns(1), Instance /test_placa_mae/uut/Memoria_de_Dados_PM/ : Warning: NUMERIC_STD.TO_INTEGER: metavalue detected, returning 0
at 4155 ns(1), Instance /test_placa_mae/uut/Memoria_de_Dados_PM/ : Warning: NUMERIC_STD.TO_INTEGER: metavalue detected, returning 0
at 4160 ns(1), Instance /test_placa_mae/uut/Memoria_de_Dados_PM/ : Warning: NUMERIC_STD.TO_INTEGER: metavalue detected, returning 0
at 4160 ns(3), Instance /test_placa_mae/uut/Memoria_de_Dados_PM/ : Warning: NUMERIC_STD.TO_INTEGER: metavalue detected, returning 0
at 4165 ns(1), Instance /test_placa_mae/uut/Memoria_de_Dados_PM/ : Warning: NUMERIC_STD.TO_INTEGER: metavalue detected, returning 0
at 4235 ns(4), Instance /test_placa_mae/uut/Memoria_de_Dados_PM/ : Warning: NUMERIC_STD.TO_INTEGER: metavalue detected, returning 0
at 4235 ns(5), Instance /test_placa_mae/uut/Memoria_de_Dados_PM/ : Warning: NUMERIC_STD.TO_INTEGER: metavalue detected, returning 0
at 4240 ns(1), Instance /test_placa_mae/uut/Memoria_de_Dados_PM/ : Warning: NUMERIC_STD.TO_INTEGER: metavalue detected, returning 0
at 4245 ns(1), Instance /test_placa_mae/uut/Memoria_de_Dados_PM/ : Warning: NUMERIC_STD.TO_INTEGER: metavalue detected, returning 0
at 4265 ns(4), Instance /test_placa_mae/uut/Memoria_de_Dados_PM/ : Warning: NUMERIC_STD.TO_INTEGER: metavalue detected, returning 0
at 4265 ns(5), Instance /test_placa_mae/uut/Memoria_de_Dados_PM/ : Warning: NUMERIC_STD.TO_INTEGER: metavalue detected, returning 0
at 4270 ns(1), Instance /test_placa_mae/uut/Memoria_de_Dados_PM/ : Warning: NUMERIC_STD.TO_INTEGER: metavalue detected, returning 0
at 4275 ns(1), Instance /test_placa_mae/uut/Memoria_de_Dados_PM/ : Warning: NUMERIC_STD.TO_INTEGER: metavalue detected, returning 0
at 4285 ns(4), Instance /test_placa_mae/uut/Memoria_de_Dados_PM/ : Warning: NUMERIC_STD.TO_INTEGER: metavalue detected, returning 0
at 4285 ns(5), Instance /test_placa_mae/uut/Memoria_de_Dados_PM/ : Warning: NUMERIC_STD.TO_INTEGER: metavalue detected, returning 0
at 4290 ns(1), Instance /test_placa_mae/uut/Memoria_de_Dados_PM/ : Warning: NUMERIC_STD.TO_INTEGER: metavalue detected, returning 0
at 4295 ns(1), Instance /test_placa_mae/uut/Memoria_de_Dados_PM/ : Warning: NUMERIC_STD.TO_INTEGER: metavalue detected, returning 0
at 4605 ns(4), Instance /test_placa_mae/uut/Memoria_de_Dados_PM/ : Warning: NUMERIC_STD.TO_INTEGER: metavalue detected, returning 0
at 4605 ns(5), Instance /test_placa_mae/uut/Memoria_de_Dados_PM/ : Warning: NUMERIC_STD.TO_INTEGER: metavalue detected, returning 0
at 4610 ns(1), Instance /test_placa_mae/uut/Memoria_de_Dados_PM/ : Warning: NUMERIC_STD.TO_INTEGER: metavalue detected, returning 0
at 4615 ns(1), Instance /test_placa_mae/uut/Memoria_de_Dados_PM/ : Warning: NUMERIC_STD.TO_INTEGER: metavalue detected, returning 0
at 4620 ns(1), Instance /test_placa_mae/uut/Memoria_de_Dados_PM/ : Warning: NUMERIC_STD.TO_INTEGER: metavalue detected, returning 0
at 4620 ns(3), Instance /test_placa_mae/uut/Memoria_de_Dados_PM/ : Warning: NUMERIC_STD.TO_INTEGER: metavalue detected, returning 0
at 4625 ns(1), Instance /test_placa_mae/uut/Memoria_de_Dados_PM/ : Warning: NUMERIC_STD.TO_INTEGER: metavalue detected, returning 0
at 4645 ns(4), Instance /test_placa_mae/uut/Memoria_de_Dados_PM/ : Warning: NUMERIC_STD.TO_INTEGER: metavalue detected, returning 0
at 4645 ns(6), Instance /test_placa_mae/uut/Memoria_de_Dados_PM/ : Warning: NUMERIC_STD.TO_INTEGER: metavalue detected, returning 0
at 4650 ns(1), Instance /test_placa_mae/uut/Memoria_de_Dados_PM/ : Warning: NUMERIC_STD.TO_INTEGER: metavalue detected, returning 0
at 4655 ns(1), Instance /test_placa_mae/uut/Memoria_de_Dados_PM/ : Warning: NUMERIC_STD.TO_INTEGER: metavalue detected, returning 0
at 5065 ns(4), Instance /test_placa_mae/uut/Memoria_de_Dados_PM/ : Warning: NUMERIC_STD.TO_INTEGER: metavalue detected, returning 0
at 5065 ns(5), Instance /test_placa_mae/uut/Memoria_de_Dados_PM/ : Warning: NUMERIC_STD.TO_INTEGER: metavalue detected, returning 0
at 5070 ns(1), Instance /test_placa_mae/uut/Memoria_de_Dados_PM/ : Warning: NUMERIC_STD.TO_INTEGER: metavalue detected, returning 0
at 5075 ns(1), Instance /test_placa_mae/uut/Memoria_de_Dados_PM/ : Warning: NUMERIC_STD.TO_INTEGER: metavalue detected, returning 0
at 5080 ns(1), Instance /test_placa_mae/uut/Memoria_de_Dados_PM/ : Warning: NUMERIC_STD.TO_INTEGER: metavalue detected, returning 0
at 5085 ns(1), Instance /test_placa_mae/uut/Memoria_de_Dados_PM/ : Warning: NUMERIC_STD.TO_INTEGER: metavalue detected, returning 0
at 5155 ns(4), Instance /test_placa_mae/uut/Memoria_de_Dados_PM/ : Warning: NUMERIC_STD.TO_INTEGER: metavalue detected, returning 0
at 5155 ns(5), Instance /test_placa_mae/uut/Memoria_de_Dados_PM/ : Warning: NUMERIC_STD.TO_INTEGER: metavalue detected, returning 0
at 5160 ns(1), Instance /test_placa_mae/uut/Memoria_de_Dados_PM/ : Warning: NUMERIC_STD.TO_INTEGER: metavalue detected, returning 0
at 5165 ns(1), Instance /test_placa_mae/uut/Memoria_de_Dados_PM/ : Warning: NUMERIC_STD.TO_INTEGER: metavalue detected, returning 0
at 5185 ns(4), Instance /test_placa_mae/uut/Memoria_de_Dados_PM/ : Warning: NUMERIC_STD.TO_INTEGER: metavalue detected, returning 0
at 5185 ns(5), Instance /test_placa_mae/uut/Memoria_de_Dados_PM/ : Warning: NUMERIC_STD.TO_INTEGER: metavalue detected, returning 0
at 5190 ns(1), Instance /test_placa_mae/uut/Memoria_de_Dados_PM/ : Warning: NUMERIC_STD.TO_INTEGER: metavalue detected, returning 0
at 5195 ns(1), Instance /test_placa_mae/uut/Memoria_de_Dados_PM/ : Warning: NUMERIC_STD.TO_INTEGER: metavalue detected, returning 0
at 5205 ns(4), Instance /test_placa_mae/uut/Memoria_de_Dados_PM/ : Warning: NUMERIC_STD.TO_INTEGER: metavalue detected, returning 0
at 5205 ns(5), Instance /test_placa_mae/uut/Memoria_de_Dados_PM/ : Warning: NUMERIC_STD.TO_INTEGER: metavalue detected, returning 0
at 5210 ns(1), Instance /test_placa_mae/uut/Memoria_de_Dados_PM/ : Warning: NUMERIC_STD.TO_INTEGER: metavalue detected, returning 0
at 5215 ns(1), Instance /test_placa_mae/uut/Memoria_de_Dados_PM/ : Warning: NUMERIC_STD.TO_INTEGER: metavalue detected, returning 0
at 5525 ns(4), Instance /test_placa_mae/uut/Memoria_de_Dados_PM/ : Warning: NUMERIC_STD.TO_INTEGER: metavalue detected, returning 0
at 5525 ns(5), Instance /test_placa_mae/uut/Memoria_de_Dados_PM/ : Warning: NUMERIC_STD.TO_INTEGER: metavalue detected, returning 0
at 5530 ns(1), Instance /test_placa_mae/uut/Memoria_de_Dados_PM/ : Warning: NUMERIC_STD.TO_INTEGER: metavalue detected, returning 0
at 5535 ns(1), Instance /test_placa_mae/uut/Memoria_de_Dados_PM/ : Warning: NUMERIC_STD.TO_INTEGER: metavalue detected, returning 0
at 5540 ns(1), Instance /test_placa_mae/uut/Memoria_de_Dados_PM/ : Warning: NUMERIC_STD.TO_INTEGER: metavalue detected, returning 0
at 5545 ns(1), Instance /test_placa_mae/uut/Memoria_de_Dados_PM/ : Warning: NUMERIC_STD.TO_INTEGER: metavalue detected, returning 0
at 5615 ns(4), Instance /test_placa_mae/uut/Memoria_de_Dados_PM/ : Warning: NUMERIC_STD.TO_INTEGER: metavalue detected, returning 0
at 5615 ns(5), Instance /test_placa_mae/uut/Memoria_de_Dados_PM/ : Warning: NUMERIC_STD.TO_INTEGER: metavalue detected, returning 0
at 5620 ns(1), Instance /test_placa_mae/uut/Memoria_de_Dados_PM/ : Warning: NUMERIC_STD.TO_INTEGER: metavalue detected, returning 0
at 5625 ns(1), Instance /test_placa_mae/uut/Memoria_de_Dados_PM/ : Warning: NUMERIC_STD.TO_INTEGER: metavalue detected, returning 0
at 5645 ns(4), Instance /test_placa_mae/uut/Memoria_de_Dados_PM/ : Warning: NUMERIC_STD.TO_INTEGER: metavalue detected, returning 0
at 5645 ns(5), Instance /test_placa_mae/uut/Memoria_de_Dados_PM/ : Warning: NUMERIC_STD.TO_INTEGER: metavalue detected, returning 0
at 5650 ns(1), Instance /test_placa_mae/uut/Memoria_de_Dados_PM/ : Warning: NUMERIC_STD.TO_INTEGER: metavalue detected, returning 0
at 5655 ns(1), Instance /test_placa_mae/uut/Memoria_de_Dados_PM/ : Warning: NUMERIC_STD.TO_INTEGER: metavalue detected, returning 0
at 5665 ns(4), Instance /test_placa_mae/uut/Memoria_de_Dados_PM/ : Warning: NUMERIC_STD.TO_INTEGER: metavalue detected, returning 0
at 5665 ns(5), Instance /test_placa_mae/uut/Memoria_de_Dados_PM/ : Warning: NUMERIC_STD.TO_INTEGER: metavalue detected, returning 0
at 5670 ns(1), Instance /test_placa_mae/uut/Memoria_de_Dados_PM/ : Warning: NUMERIC_STD.TO_INTEGER: metavalue detected, returning 0
at 5675 ns(1), Instance /test_placa_mae/uut/Memoria_de_Dados_PM/ : Warning: NUMERIC_STD.TO_INTEGER: metavalue detected, returning 0
at 5985 ns(4), Instance /test_placa_mae/uut/Memoria_de_Dados_PM/ : Warning: NUMERIC_STD.TO_INTEGER: metavalue detected, returning 0
at 5985 ns(5), Instance /test_placa_mae/uut/Memoria_de_Dados_PM/ : Warning: NUMERIC_STD.TO_INTEGER: metavalue detected, returning 0
at 5990 ns(1), Instance /test_placa_mae/uut/Memoria_de_Dados_PM/ : Warning: NUMERIC_STD.TO_INTEGER: metavalue detected, returning 0
at 5995 ns(1), Instance /test_placa_mae/uut/Memoria_de_Dados_PM/ : Warning: NUMERIC_STD.TO_INTEGER: metavalue detected, returning 0
at 6 us(1), Instance /test_placa_mae/uut/Memoria_de_Dados_PM/ : Warning: NUMERIC_STD.TO_INTEGER: metavalue detected, returning 0
at 6 us(3), Instance /test_placa_mae/uut/Memoria_de_Dados_PM/ : Warning: NUMERIC_STD.TO_INTEGER: metavalue detected, returning 0
at 6005 ns(1), Instance /test_placa_mae/uut/Memoria_de_Dados_PM/ : Warning: NUMERIC_STD.TO_INTEGER: metavalue detected, returning 0
at 6075 ns(4), Instance /test_placa_mae/uut/Memoria_de_Dados_PM/ : Warning: NUMERIC_STD.TO_INTEGER: metavalue detected, returning 0
at 6075 ns(5), Instance /test_placa_mae/uut/Memoria_de_Dados_PM/ : Warning: NUMERIC_STD.TO_INTEGER: metavalue detected, returning 0
at 6080 ns(1), Instance /test_placa_mae/uut/Memoria_de_Dados_PM/ : Warning: NUMERIC_STD.TO_INTEGER: metavalue detected, returning 0
at 6085 ns(1), Instance /test_placa_mae/uut/Memoria_de_Dados_PM/ : Warning: NUMERIC_STD.TO_INTEGER: metavalue detected, returning 0
at 6105 ns(4), Instance /test_placa_mae/uut/Memoria_de_Dados_PM/ : Warning: NUMERIC_STD.TO_INTEGER: metavalue detected, returning 0
at 6105 ns(5), Instance /test_placa_mae/uut/Memoria_de_Dados_PM/ : Warning: NUMERIC_STD.TO_INTEGER: metavalue detected, returning 0
at 6110 ns(1), Instance /test_placa_mae/uut/Memoria_de_Dados_PM/ : Warning: NUMERIC_STD.TO_INTEGER: metavalue detected, returning 0
at 6115 ns(1), Instance /test_placa_mae/uut/Memoria_de_Dados_PM/ : Warning: NUMERIC_STD.TO_INTEGER: metavalue detected, returning 0
at 6125 ns(4), Instance /test_placa_mae/uut/Memoria_de_Dados_PM/ : Warning: NUMERIC_STD.TO_INTEGER: metavalue detected, returning 0
at 6125 ns(5), Instance /test_placa_mae/uut/Memoria_de_Dados_PM/ : Warning: NUMERIC_STD.TO_INTEGER: metavalue detected, returning 0
at 6130 ns(1), Instance /test_placa_mae/uut/Memoria_de_Dados_PM/ : Warning: NUMERIC_STD.TO_INTEGER: metavalue detected, returning 0
at 6135 ns(1), Instance /test_placa_mae/uut/Memoria_de_Dados_PM/ : Warning: NUMERIC_STD.TO_INTEGER: metavalue detected, returning 0
at 6445 ns(4), Instance /test_placa_mae/uut/Memoria_de_Dados_PM/ : Warning: NUMERIC_STD.TO_INTEGER: metavalue detected, returning 0
at 6445 ns(5), Instance /test_placa_mae/uut/Memoria_de_Dados_PM/ : Warning: NUMERIC_STD.TO_INTEGER: metavalue detected, returning 0
at 6450 ns(1), Instance /test_placa_mae/uut/Memoria_de_Dados_PM/ : Warning: NUMERIC_STD.TO_INTEGER: metavalue detected, returning 0
at 6455 ns(1), Instance /test_placa_mae/uut/Memoria_de_Dados_PM/ : Warning: NUMERIC_STD.TO_INTEGER: metavalue detected, returning 0
at 6460 ns(1), Instance /test_placa_mae/uut/Memoria_de_Dados_PM/ : Warning: NUMERIC_STD.TO_INTEGER: metavalue detected, returning 0
at 6460 ns(3), Instance /test_placa_mae/uut/Memoria_de_Dados_PM/ : Warning: NUMERIC_STD.TO_INTEGER: metavalue detected, returning 0
at 6465 ns(1), Instance /test_placa_mae/uut/Memoria_de_Dados_PM/ : Warning: NUMERIC_STD.TO_INTEGER: metavalue detected, returning 0
at 6535 ns(4), Instance /test_placa_mae/uut/Memoria_de_Dados_PM/ : Warning: NUMERIC_STD.TO_INTEGER: metavalue detected, returning 0
at 6535 ns(5), Instance /test_placa_mae/uut/Memoria_de_Dados_PM/ : Warning: NUMERIC_STD.TO_INTEGER: metavalue detected, returning 0
at 6540 ns(1), Instance /test_placa_mae/uut/Memoria_de_Dados_PM/ : Warning: NUMERIC_STD.TO_INTEGER: metavalue detected, returning 0
at 6545 ns(1), Instance /test_placa_mae/uut/Memoria_de_Dados_PM/ : Warning: NUMERIC_STD.TO_INTEGER: metavalue detected, returning 0
at 6565 ns(4), Instance /test_placa_mae/uut/Memoria_de_Dados_PM/ : Warning: NUMERIC_STD.TO_INTEGER: metavalue detected, returning 0
at 6565 ns(5), Instance /test_placa_mae/uut/Memoria_de_Dados_PM/ : Warning: NUMERIC_STD.TO_INTEGER: metavalue detected, returning 0
at 6570 ns(1), Instance /test_placa_mae/uut/Memoria_de_Dados_PM/ : Warning: NUMERIC_STD.TO_INTEGER: metavalue detected, returning 0
at 6575 ns(1), Instance /test_placa_mae/uut/Memoria_de_Dados_PM/ : Warning: NUMERIC_STD.TO_INTEGER: metavalue detected, returning 0
at 6585 ns(4), Instance /test_placa_mae/uut/Memoria_de_Dados_PM/ : Warning: NUMERIC_STD.TO_INTEGER: metavalue detected, returning 0
at 6585 ns(5), Instance /test_placa_mae/uut/Memoria_de_Dados_PM/ : Warning: NUMERIC_STD.TO_INTEGER: metavalue detected, returning 0
at 6590 ns(1), Instance /test_placa_mae/uut/Memoria_de_Dados_PM/ : Warning: NUMERIC_STD.TO_INTEGER: metavalue detected, returning 0
at 6595 ns(1), Instance /test_placa_mae/uut/Memoria_de_Dados_PM/ : Warning: NUMERIC_STD.TO_INTEGER: metavalue detected, returning 0
at 6905 ns(4), Instance /test_placa_mae/uut/Memoria_de_Dados_PM/ : Warning: NUMERIC_STD.TO_INTEGER: metavalue detected, returning 0
at 6905 ns(5), Instance /test_placa_mae/uut/Memoria_de_Dados_PM/ : Warning: NUMERIC_STD.TO_INTEGER: metavalue detected, returning 0
at 6910 ns(1), Instance /test_placa_mae/uut/Memoria_de_Dados_PM/ : Warning: NUMERIC_STD.TO_INTEGER: metavalue detected, returning 0
at 6915 ns(1), Instance /test_placa_mae/uut/Memoria_de_Dados_PM/ : Warning: NUMERIC_STD.TO_INTEGER: metavalue detected, returning 0
at 6920 ns(1), Instance /test_placa_mae/uut/Memoria_de_Dados_PM/ : Warning: NUMERIC_STD.TO_INTEGER: metavalue detected, returning 0
at 6920 ns(3), Instance /test_placa_mae/uut/Memoria_de_Dados_PM/ : Warning: NUMERIC_STD.TO_INTEGER: metavalue detected, returning 0
at 6925 ns(1), Instance /test_placa_mae/uut/Memoria_de_Dados_PM/ : Warning: NUMERIC_STD.TO_INTEGER: metavalue detected, returning 0
at 6995 ns(4), Instance /test_placa_mae/uut/Memoria_de_Dados_PM/ : Warning: NUMERIC_STD.TO_INTEGER: metavalue detected, returning 0
at 6995 ns(5), Instance /test_placa_mae/uut/Memoria_de_Dados_PM/ : Warning: NUMERIC_STD.TO_INTEGER: metavalue detected, returning 0
at 7 us(1), Instance /test_placa_mae/uut/Memoria_de_Dados_PM/ : Warning: NUMERIC_STD.TO_INTEGER: metavalue detected, returning 0
at 7005 ns(1), Instance /test_placa_mae/uut/Memoria_de_Dados_PM/ : Warning: NUMERIC_STD.TO_INTEGER: metavalue detected, returning 0
at 7025 ns(4), Instance /test_placa_mae/uut/Memoria_de_Dados_PM/ : Warning: NUMERIC_STD.TO_INTEGER: metavalue detected, returning 0
at 7025 ns(5), Instance /test_placa_mae/uut/Memoria_de_Dados_PM/ : Warning: NUMERIC_STD.TO_INTEGER: metavalue detected, returning 0
at 7030 ns(1), Instance /test_placa_mae/uut/Memoria_de_Dados_PM/ : Warning: NUMERIC_STD.TO_INTEGER: metavalue detected, returning 0
at 7035 ns(1), Instance /test_placa_mae/uut/Memoria_de_Dados_PM/ : Warning: NUMERIC_STD.TO_INTEGER: metavalue detected, returning 0
at 7045 ns(4), Instance /test_placa_mae/uut/Memoria_de_Dados_PM/ : Warning: NUMERIC_STD.TO_INTEGER: metavalue detected, returning 0
at 7045 ns(5), Instance /test_placa_mae/uut/Memoria_de_Dados_PM/ : Warning: NUMERIC_STD.TO_INTEGER: metavalue detected, returning 0
at 7050 ns(1), Instance /test_placa_mae/uut/Memoria_de_Dados_PM/ : Warning: NUMERIC_STD.TO_INTEGER: metavalue detected, returning 0
at 7055 ns(1), Instance /test_placa_mae/uut/Memoria_de_Dados_PM/ : Warning: NUMERIC_STD.TO_INTEGER: metavalue detected, returning 0
at 7365 ns(4), Instance /test_placa_mae/uut/Memoria_de_Dados_PM/ : Warning: NUMERIC_STD.TO_INTEGER: metavalue detected, returning 0
at 7365 ns(5), Instance /test_placa_mae/uut/Memoria_de_Dados_PM/ : Warning: NUMERIC_STD.TO_INTEGER: metavalue detected, returning 0
at 7370 ns(1), Instance /test_placa_mae/uut/Memoria_de_Dados_PM/ : Warning: NUMERIC_STD.TO_INTEGER: metavalue detected, returning 0
at 7375 ns(1), Instance /test_placa_mae/uut/Memoria_de_Dados_PM/ : Warning: NUMERIC_STD.TO_INTEGER: metavalue detected, returning 0
at 7380 ns(1), Instance /test_placa_mae/uut/Memoria_de_Dados_PM/ : Warning: NUMERIC_STD.TO_INTEGER: metavalue detected, returning 0
at 7380 ns(3), Instance /test_placa_mae/uut/Memoria_de_Dados_PM/ : Warning: NUMERIC_STD.TO_INTEGER: metavalue detected, returning 0
at 7385 ns(1), Instance /test_placa_mae/uut/Memoria_de_Dados_PM/ : Warning: NUMERIC_STD.TO_INTEGER: metavalue detected, returning 0
at 7455 ns(4), Instance /test_placa_mae/uut/Memoria_de_Dados_PM/ : Warning: NUMERIC_STD.TO_INTEGER: metavalue detected, returning 0
at 7455 ns(5), Instance /test_placa_mae/uut/Memoria_de_Dados_PM/ : Warning: NUMERIC_STD.TO_INTEGER: metavalue detected, returning 0
at 7460 ns(1), Instance /test_placa_mae/uut/Memoria_de_Dados_PM/ : Warning: NUMERIC_STD.TO_INTEGER: metavalue detected, returning 0
at 7465 ns(1), Instance /test_placa_mae/uut/Memoria_de_Dados_PM/ : Warning: NUMERIC_STD.TO_INTEGER: metavalue detected, returning 0
at 7485 ns(4), Instance /test_placa_mae/uut/Memoria_de_Dados_PM/ : Warning: NUMERIC_STD.TO_INTEGER: metavalue detected, returning 0
at 7485 ns(5), Instance /test_placa_mae/uut/Memoria_de_Dados_PM/ : Warning: NUMERIC_STD.TO_INTEGER: metavalue detected, returning 0
at 7490 ns(1), Instance /test_placa_mae/uut/Memoria_de_Dados_PM/ : Warning: NUMERIC_STD.TO_INTEGER: metavalue detected, returning 0
at 7495 ns(1), Instance /test_placa_mae/uut/Memoria_de_Dados_PM/ : Warning: NUMERIC_STD.TO_INTEGER: metavalue detected, returning 0
at 7505 ns(4), Instance /test_placa_mae/uut/Memoria_de_Dados_PM/ : Warning: NUMERIC_STD.TO_INTEGER: metavalue detected, returning 0
at 7505 ns(5), Instance /test_placa_mae/uut/Memoria_de_Dados_PM/ : Warning: NUMERIC_STD.TO_INTEGER: metavalue detected, returning 0
at 7510 ns(1), Instance /test_placa_mae/uut/Memoria_de_Dados_PM/ : Warning: NUMERIC_STD.TO_INTEGER: metavalue detected, returning 0
at 7515 ns(1), Instance /test_placa_mae/uut/Memoria_de_Dados_PM/ : Warning: NUMERIC_STD.TO_INTEGER: metavalue detected, returning 0
at 7825 ns(4), Instance /test_placa_mae/uut/Memoria_de_Dados_PM/ : Warning: NUMERIC_STD.TO_INTEGER: metavalue detected, returning 0
at 7825 ns(5), Instance /test_placa_mae/uut/Memoria_de_Dados_PM/ : Warning: NUMERIC_STD.TO_INTEGER: metavalue detected, returning 0
at 7830 ns(1), Instance /test_placa_mae/uut/Memoria_de_Dados_PM/ : Warning: NUMERIC_STD.TO_INTEGER: metavalue detected, returning 0
at 7835 ns(1), Instance /test_placa_mae/uut/Memoria_de_Dados_PM/ : Warning: NUMERIC_STD.TO_INTEGER: metavalue detected, returning 0
at 7840 ns(1), Instance /test_placa_mae/uut/Memoria_de_Dados_PM/ : Warning: NUMERIC_STD.TO_INTEGER: metavalue detected, returning 0
at 7840 ns(3), Instance /test_placa_mae/uut/Memoria_de_Dados_PM/ : Warning: NUMERIC_STD.TO_INTEGER: metavalue detected, returning 0
at 7845 ns(1), Instance /test_placa_mae/uut/Memoria_de_Dados_PM/ : Warning: NUMERIC_STD.TO_INTEGER: metavalue detected, returning 0
at 7915 ns(4), Instance /test_placa_mae/uut/Memoria_de_Dados_PM/ : Warning: NUMERIC_STD.TO_INTEGER: metavalue detected, returning 0
at 7915 ns(5), Instance /test_placa_mae/uut/Memoria_de_Dados_PM/ : Warning: NUMERIC_STD.TO_INTEGER: metavalue detected, returning 0
at 7920 ns(1), Instance /test_placa_mae/uut/Memoria_de_Dados_PM/ : Warning: NUMERIC_STD.TO_INTEGER: metavalue detected, returning 0
at 7925 ns(1), Instance /test_placa_mae/uut/Memoria_de_Dados_PM/ : Warning: NUMERIC_STD.TO_INTEGER: metavalue detected, returning 0
at 7945 ns(4), Instance /test_placa_mae/uut/Memoria_de_Dados_PM/ : Warning: NUMERIC_STD.TO_INTEGER: metavalue detected, returning 0
at 7945 ns(5), Instance /test_placa_mae/uut/Memoria_de_Dados_PM/ : Warning: NUMERIC_STD.TO_INTEGER: metavalue detected, returning 0
at 7950 ns(1), Instance /test_placa_mae/uut/Memoria_de_Dados_PM/ : Warning: NUMERIC_STD.TO_INTEGER: metavalue detected, returning 0
at 7955 ns(1), Instance /test_placa_mae/uut/Memoria_de_Dados_PM/ : Warning: NUMERIC_STD.TO_INTEGER: metavalue detected, returning 0
at 7965 ns(4), Instance /test_placa_mae/uut/Memoria_de_Dados_PM/ : Warning: NUMERIC_STD.TO_INTEGER: metavalue detected, returning 0
at 7965 ns(5), Instance /test_placa_mae/uut/Memoria_de_Dados_PM/ : Warning: NUMERIC_STD.TO_INTEGER: metavalue detected, returning 0
at 7970 ns(1), Instance /test_placa_mae/uut/Memoria_de_Dados_PM/ : Warning: NUMERIC_STD.TO_INTEGER: metavalue detected, returning 0
at 7975 ns(1), Instance /test_placa_mae/uut/Memoria_de_Dados_PM/ : Warning: NUMERIC_STD.TO_INTEGER: metavalue detected, returning 0
at 8285 ns(4), Instance /test_placa_mae/uut/Memoria_de_Dados_PM/ : Warning: NUMERIC_STD.TO_INTEGER: metavalue detected, returning 0
at 8285 ns(5), Instance /test_placa_mae/uut/Memoria_de_Dados_PM/ : Warning: NUMERIC_STD.TO_INTEGER: metavalue detected, returning 0
at 8290 ns(1), Instance /test_placa_mae/uut/Memoria_de_Dados_PM/ : Warning: NUMERIC_STD.TO_INTEGER: metavalue detected, returning 0
at 8295 ns(1), Instance /test_placa_mae/uut/Memoria_de_Dados_PM/ : Warning: NUMERIC_STD.TO_INTEGER: metavalue detected, returning 0
at 8300 ns(1), Instance /test_placa_mae/uut/Memoria_de_Dados_PM/ : Warning: NUMERIC_STD.TO_INTEGER: metavalue detected, returning 0
at 8300 ns(3), Instance /test_placa_mae/uut/Memoria_de_Dados_PM/ : Warning: NUMERIC_STD.TO_INTEGER: metavalue detected, returning 0
at 8305 ns(1), Instance /test_placa_mae/uut/Memoria_de_Dados_PM/ : Warning: NUMERIC_STD.TO_INTEGER: metavalue detected, returning 0
at 8375 ns(4), Instance /test_placa_mae/uut/Memoria_de_Dados_PM/ : Warning: NUMERIC_STD.TO_INTEGER: metavalue detected, returning 0
at 8375 ns(5), Instance /test_placa_mae/uut/Memoria_de_Dados_PM/ : Warning: NUMERIC_STD.TO_INTEGER: metavalue detected, returning 0
at 8380 ns(1), Instance /test_placa_mae/uut/Memoria_de_Dados_PM/ : Warning: NUMERIC_STD.TO_INTEGER: metavalue detected, returning 0
at 8385 ns(1), Instance /test_placa_mae/uut/Memoria_de_Dados_PM/ : Warning: NUMERIC_STD.TO_INTEGER: metavalue detected, returning 0
at 8405 ns(4), Instance /test_placa_mae/uut/Memoria_de_Dados_PM/ : Warning: NUMERIC_STD.TO_INTEGER: metavalue detected, returning 0
at 8405 ns(5), Instance /test_placa_mae/uut/Memoria_de_Dados_PM/ : Warning: NUMERIC_STD.TO_INTEGER: metavalue detected, returning 0
at 8410 ns(1), Instance /test_placa_mae/uut/Memoria_de_Dados_PM/ : Warning: NUMERIC_STD.TO_INTEGER: metavalue detected, returning 0
at 8415 ns(1), Instance /test_placa_mae/uut/Memoria_de_Dados_PM/ : Warning: NUMERIC_STD.TO_INTEGER: metavalue detected, returning 0
at 8425 ns(4), Instance /test_placa_mae/uut/Memoria_de_Dados_PM/ : Warning: NUMERIC_STD.TO_INTEGER: metavalue detected, returning 0
at 8425 ns(5), Instance /test_placa_mae/uut/Memoria_de_Dados_PM/ : Warning: NUMERIC_STD.TO_INTEGER: metavalue detected, returning 0
at 8430 ns(1), Instance /test_placa_mae/uut/Memoria_de_Dados_PM/ : Warning: NUMERIC_STD.TO_INTEGER: metavalue detected, returning 0
at 8435 ns(1), Instance /test_placa_mae/uut/Memoria_de_Dados_PM/ : Warning: NUMERIC_STD.TO_INTEGER: metavalue detected, returning 0
at 8745 ns(4), Instance /test_placa_mae/uut/Memoria_de_Dados_PM/ : Warning: NUMERIC_STD.TO_INTEGER: metavalue detected, returning 0
at 8745 ns(5), Instance /test_placa_mae/uut/Memoria_de_Dados_PM/ : Warning: NUMERIC_STD.TO_INTEGER: metavalue detected, returning 0
at 8750 ns(1), Instance /test_placa_mae/uut/Memoria_de_Dados_PM/ : Warning: NUMERIC_STD.TO_INTEGER: metavalue detected, returning 0
at 8755 ns(1), Instance /test_placa_mae/uut/Memoria_de_Dados_PM/ : Warning: NUMERIC_STD.TO_INTEGER: metavalue detected, returning 0
at 8760 ns(1), Instance /test_placa_mae/uut/Memoria_de_Dados_PM/ : Warning: NUMERIC_STD.TO_INTEGER: metavalue detected, returning 0
at 8760 ns(3), Instance /test_placa_mae/uut/Memoria_de_Dados_PM/ : Warning: NUMERIC_STD.TO_INTEGER: metavalue detected, returning 0
at 8765 ns(1), Instance /test_placa_mae/uut/Memoria_de_Dados_PM/ : Warning: NUMERIC_STD.TO_INTEGER: metavalue detected, returning 0
at 8835 ns(4), Instance /test_placa_mae/uut/Memoria_de_Dados_PM/ : Warning: NUMERIC_STD.TO_INTEGER: metavalue detected, returning 0
at 8835 ns(5), Instance /test_placa_mae/uut/Memoria_de_Dados_PM/ : Warning: NUMERIC_STD.TO_INTEGER: metavalue detected, returning 0
at 8840 ns(1), Instance /test_placa_mae/uut/Memoria_de_Dados_PM/ : Warning: NUMERIC_STD.TO_INTEGER: metavalue detected, returning 0
at 8845 ns(1), Instance /test_placa_mae/uut/Memoria_de_Dados_PM/ : Warning: NUMERIC_STD.TO_INTEGER: metavalue detected, returning 0
at 8865 ns(4), Instance /test_placa_mae/uut/Memoria_de_Dados_PM/ : Warning: NUMERIC_STD.TO_INTEGER: metavalue detected, returning 0
at 8865 ns(5), Instance /test_placa_mae/uut/Memoria_de_Dados_PM/ : Warning: NUMERIC_STD.TO_INTEGER: metavalue detected, returning 0
at 8870 ns(1), Instance /test_placa_mae/uut/Memoria_de_Dados_PM/ : Warning: NUMERIC_STD.TO_INTEGER: metavalue detected, returning 0
at 8875 ns(1), Instance /test_placa_mae/uut/Memoria_de_Dados_PM/ : Warning: NUMERIC_STD.TO_INTEGER: metavalue detected, returning 0
at 8885 ns(4), Instance /test_placa_mae/uut/Memoria_de_Dados_PM/ : Warning: NUMERIC_STD.TO_INTEGER: metavalue detected, returning 0
at 8885 ns(5), Instance /test_placa_mae/uut/Memoria_de_Dados_PM/ : Warning: NUMERIC_STD.TO_INTEGER: metavalue detected, returning 0
at 8890 ns(1), Instance /test_placa_mae/uut/Memoria_de_Dados_PM/ : Warning: NUMERIC_STD.TO_INTEGER: metavalue detected, returning 0
at 8895 ns(1), Instance /test_placa_mae/uut/Memoria_de_Dados_PM/ : Warning: NUMERIC_STD.TO_INTEGER: metavalue detected, returning 0
at 9205 ns(4), Instance /test_placa_mae/uut/Memoria_de_Dados_PM/ : Warning: NUMERIC_STD.TO_INTEGER: metavalue detected, returning 0
at 9205 ns(5), Instance /test_placa_mae/uut/Memoria_de_Dados_PM/ : Warning: NUMERIC_STD.TO_INTEGER: metavalue detected, returning 0
at 9210 ns(1), Instance /test_placa_mae/uut/Memoria_de_Dados_PM/ : Warning: NUMERIC_STD.TO_INTEGER: metavalue detected, returning 0
at 9215 ns(1), Instance /test_placa_mae/uut/Memoria_de_Dados_PM/ : Warning: NUMERIC_STD.TO_INTEGER: metavalue detected, returning 0
at 9220 ns(1), Instance /test_placa_mae/uut/Memoria_de_Dados_PM/ : Warning: NUMERIC_STD.TO_INTEGER: metavalue detected, returning 0
at 9220 ns(3), Instance /test_placa_mae/uut/Memoria_de_Dados_PM/ : Warning: NUMERIC_STD.TO_INTEGER: metavalue detected, returning 0
at 9225 ns(1), Instance /test_placa_mae/uut/Memoria_de_Dados_PM/ : Warning: NUMERIC_STD.TO_INTEGER: metavalue detected, returning 0
at 9295 ns(4), Instance /test_placa_mae/uut/Memoria_de_Dados_PM/ : Warning: NUMERIC_STD.TO_INTEGER: metavalue detected, returning 0
at 9295 ns(5), Instance /test_placa_mae/uut/Memoria_de_Dados_PM/ : Warning: NUMERIC_STD.TO_INTEGER: metavalue detected, returning 0
at 9300 ns(1), Instance /test_placa_mae/uut/Memoria_de_Dados_PM/ : Warning: NUMERIC_STD.TO_INTEGER: metavalue detected, returning 0
at 9305 ns(1), Instance /test_placa_mae/uut/Memoria_de_Dados_PM/ : Warning: NUMERIC_STD.TO_INTEGER: metavalue detected, returning 0
at 9325 ns(4), Instance /test_placa_mae/uut/Memoria_de_Dados_PM/ : Warning: NUMERIC_STD.TO_INTEGER: metavalue detected, returning 0
at 9325 ns(5), Instance /test_placa_mae/uut/Memoria_de_Dados_PM/ : Warning: NUMERIC_STD.TO_INTEGER: metavalue detected, returning 0
at 9330 ns(1), Instance /test_placa_mae/uut/Memoria_de_Dados_PM/ : Warning: NUMERIC_STD.TO_INTEGER: metavalue detected, returning 0
at 9335 ns(1), Instance /test_placa_mae/uut/Memoria_de_Dados_PM/ : Warning: NUMERIC_STD.TO_INTEGER: metavalue detected, returning 0
at 9345 ns(4), Instance /test_placa_mae/uut/Memoria_de_Dados_PM/ : Warning: NUMERIC_STD.TO_INTEGER: metavalue detected, returning 0
at 9345 ns(5), Instance /test_placa_mae/uut/Memoria_de_Dados_PM/ : Warning: NUMERIC_STD.TO_INTEGER: metavalue detected, returning 0
at 9350 ns(1), Instance /test_placa_mae/uut/Memoria_de_Dados_PM/ : Warning: NUMERIC_STD.TO_INTEGER: metavalue detected, returning 0
at 9355 ns(1), Instance /test_placa_mae/uut/Memoria_de_Dados_PM/ : Warning: NUMERIC_STD.TO_INTEGER: metavalue detected, returning 0

** Failure:Todos os testes foram executados.
User(VHDL) Code Called Simulation Stop
In process Test_Placa_Mae.vhd:stim_proc 
 
INFO: Simulator is stopped.
# exit 0
